<?xml version="1.0" encoding="UTF-8"?>
<!-- Generated by org.testng.reporters.JUnitReportReporter -->
<testsuite hostname="DESKTOP-9MK7O28" failures="0" tests="4" name="com.qa.techpanda.testScript.TestCase2Test" time="49.413" errors="0" timestamp="2023-11-14T14:41:56 IST" skipped="0">
  <testcase classname="com.qa.techpanda.testScript.TestCase2Test" name="clickOnMenuOption" time="11.337"/>
  <system-out/>
  <testcase classname="com.qa.techpanda.testScript.TestCase2Test" name="validatingingCostOfSony" time="11.975"/>
  <system-out/>
  <testcase classname="com.qa.techpanda.testScript.TestCase2Test" name="clickOnMobile" time="14.582"/>
  <system-out/>
  <testcase classname="com.qa.techpanda.testScript.TestCase2Test" name="validatingPrice" time="11.519"/>
  <system-out/>
</testsuite> <!-- com.qa.techpanda.testScript.TestCase2Test -->
