<?xml version="1.0" encoding="UTF-8"?>
<!-- Generated by org.testng.reporters.JUnitReportReporter -->
<testsuite hostname="DESKTOP-9MK7O28" failures="0" tests="3" name="com.qa.techpanda.testScript.TestCase3Test" time="46.207" errors="0" timestamp="2023-11-14T15:42:57 IST" skipped="0">
  <testcase classname="com.qa.techpanda.testScript.TestCase3Test" name="clickCart" time="15.519"/>
  <system-out/>
  <testcase classname="com.qa.techpanda.testScript.TestCase3Test" name="updatingQuantity" time="13.916"/>
  <system-out/>
  <testcase classname="com.qa.techpanda.testScript.TestCase3Test" name="validatingEmptybtn" time="16.772"/>
  <system-out/>
</testsuite> <!-- com.qa.techpanda.testScript.TestCase3Test -->
