<?xml version="1.0" encoding="UTF-8"?>
<!-- Generated by org.testng.reporters.JUnitReportReporter -->
<testsuite hostname="DESKTOP-9MK7O28" failures="0" tests="3" name="com.qa.techpanda.testScript.TestCase3Test" time="44.092" errors="0" timestamp="2023-12-08T15:17:01 IST" skipped="0">
  <testcase classname="com.qa.techpanda.testScript.TestCase3Test" name="clickCart" time="13.872"/>
  <system-out/>
  <testcase classname="com.qa.techpanda.testScript.TestCase3Test" name="updatingQuantity" time="14.216"/>
  <system-out/>
  <testcase classname="com.qa.techpanda.testScript.TestCase3Test" name="validatingEmptybtn" time="16.004"/>
  <system-out/>
</testsuite> <!-- com.qa.techpanda.testScript.TestCase3Test -->
