<?xml version="1.0" encoding="UTF-8"?>
<!-- Generated by org.testng.reporters.JUnitReportReporter -->
<testsuite hostname="DESKTOP-9MK7O28" failures="0" tests="4" name="com.qa.techpanda.testScript.TestCase2Test" time="46.441" errors="0" timestamp="2023-12-08T15:17:01 IST" skipped="0">
  <testcase classname="com.qa.techpanda.testScript.TestCase2Test" name="clickOnMenuOption" time="10.032"/>
  <system-out/>
  <testcase classname="com.qa.techpanda.testScript.TestCase2Test" name="validatingingCostOfSony" time="11.583"/>
  <system-out/>
  <testcase classname="com.qa.techpanda.testScript.TestCase2Test" name="clickOnMobile" time="13.850"/>
  <system-out/>
  <testcase classname="com.qa.techpanda.testScript.TestCase2Test" name="validatingPrice" time="10.976"/>
  <system-out/>
</testsuite> <!-- com.qa.techpanda.testScript.TestCase2Test -->
