<?xml version="1.0" encoding="UTF-8"?>
<!-- Generated by org.testng.reporters.JUnitReportReporter -->
<testsuite hostname="DESKTOP-9MK7O28" failures="0" tests="3" name="com.qa.techpanda.testScript.TestCase1Test" time="31.581" errors="0" timestamp="2023-12-08T15:17:01 IST" skipped="0">
  <testcase classname="com.qa.techpanda.testScript.TestCase1Test" name="selectingMenuOptions" time="9.283"/>
  <system-out/>
  <testcase classname="com.qa.techpanda.testScript.TestCase1Test" name="validatingTitle" time="10.950"/>
  <system-out/>
  <testcase classname="com.qa.techpanda.testScript.TestCase1Test" name="validatingMenu" time="11.348"/>
  <system-out/>
</testsuite> <!-- com.qa.techpanda.testScript.TestCase1Test -->
